<?xml version="1.0" encoding="UTF-8"?>
<!-- Generated by org.testng.reporters.JUnitReportReporter -->
<testsuite hostname="DESKTOP-IKVCLHS" failures="0" tests="1" name="Test_Casses.Post_TC2_Retry" time="7.235" errors="0" timestamp="2023-06-27T19:45:04 IST" skipped="0">
  <testcase classname="Test_Casses.Post_TC2_Retry" name="extractor" time="7.235"/>
  <system-out/>
</testsuite> <!-- Test_Casses.Post_TC2_Retry -->
